Arguments: 
  /usr/local/Cellar/node/13.8.0/bin/node /usr/local/Cellar/yarn/1.22.0/libexec/bin/yarn.js add @react-native-community/async-storage

PATH: 
  /usr/local/bin:/usr/bin:/bin:/usr/sbin:/sbin:/Applications/VMware Fusion.app/Contents/Public

Yarn version: 
  1.22.0

Node version: 
  13.8.0

Platform: 
  darwin x64

Trace: 
  Error: https://registry.yarnpkg.com/react-native-community%2fasync-storage: Request "https://registry.yarnpkg.com/react-native-community%2fasync-storage" returned a 405
      at Request.params.callback [as _callback] (/usr/local/Cellar/yarn/1.22.0/libexec/lib/cli.js:66984:18)
      at Request.self.callback (/usr/local/Cellar/yarn/1.22.0/libexec/lib/cli.js:140727:22)
      at Request.emit (events.js:321:20)
      at Request.<anonymous> (/usr/local/Cellar/yarn/1.22.0/libexec/lib/cli.js:141699:10)
      at Request.emit (events.js:321:20)
      at IncomingMessage.<anonymous> (/usr/local/Cellar/yarn/1.22.0/libexec/lib/cli.js:141621:12)
      at Object.onceWrapper (events.js:427:28)
      at IncomingMessage.emit (events.js:333:22)
      at endReadableNT (_stream_readable.js:1201:12)
      at processTicksAndRejections (internal/process/task_queues.js:84:21)

npm manifest: 
  {
    "main": "node_modules/expo/AppEntry.js",
    "scripts": {
      "start": "expo start",
      "android": "expo start --android",
      "ios": "expo start --ios",
      "web": "expo start --web",
      "eject": "expo eject",
      "test": "jest --watchAll"
    },
    "jest": {
      "preset": "jest-expo"
    },
    "dependencies": {
      "@expo/samples": "~36.0.0",
      "@expo/vector-icons": "~10.0.0",
      "@react-navigation/web": "~1.0.0-alpha.9",
      "expo": "~36.0.0",
      "expo-asset": "~8.0.0",
      "expo-constants": "~8.0.0",
      "expo-font": "~8.0.0",
      "expo-web-browser": "~8.0.0",
      "react": "~16.9.0",
      "react-dom": "~16.9.0",
      "react-native": "https://github.com/expo/react-native/archive/sdk-36.0.0.tar.gz",
      "react-native-collapsible-list": "^2.0.0",
      "react-native-community/async-storage": "^1.6.3",
      "react-native-elements": "^1.2.7",
      "react-native-gesture-handler": "~1.5.0",
      "react-native-maps": "^0.26.1",
      "react-native-reanimated": "~1.4.0",
      "react-native-screens": "2.0.0-alpha.12",
      "react-native-web": "~0.11.7",
      "react-navigation": "~4.0.10",
      "react-navigation-stack": "~1.10.3",
      "react-navigation-tabs": "~2.6.2"
    },
    "devDependencies": {
      "@babel/core": "^7.0.0",
      "babel-preset-expo": "~8.0.0",
      "jest-expo": "~36.0.1"
    },
    "private": true
  }

yarn manifest: 
  No manifest

Lockfile: 
  No lockfile
